{"score"=>1, "key"=>"\x01", "ciphertext"=>"a262f2d68683d213c3d2326262a4264642564210d21642726", "plaintext"=>"\xA2b\xF2\xD6\x86\x83\xD2\x13\xC3\xD22bb\xA4&FBVB\x10\xD2\x16Br`"}
{"score"=>7, "key"=>"\x02", "ciphertext"=>"9252c2e6b6b3e223f3e202525294167672667220e22672425", "plaintext"=>"\x92R\xC2\xE6\xB6\xB3\xE2#\xF3\xE2\x02RR\x94\x16vrfr \xE2&rBP"}
{"score"=>1, "key"=>"\x03", "ciphertext"=>"8242d2f6a6a3f233e3f212424284066662766230f23662524", "plaintext"=>"\x82B\xD2\xF6\xA6\xA3\xF23\xE3\xF2\x12BB\x84\x06fbvb0\xF26bR@"}
{"score"=>0, "key"=>"\x04", "ciphertext"=>"f232a286d6d382439382623232f4761612061240824612223", "plaintext"=>"\xF22\xA2\x86\xD6\xD3\x82C\x93\x82b22\xF4v\x16\x12\x06\x12@\x82F\x12\"0"}
{"score"=>3, "key"=>"\x05", "ciphertext"=>"e222b296c6c392538392722222e4660602160250925602322", "plaintext"=>"\xE2\"\xB2\x96\xC6\xC3\x92S\x83\x92r\"\"\xE4f\x06\x02\x16\x02P\x92V\x022 "}
{"score"=>0, "key"=>"\x06", "ciphertext"=>"d21282a6f6f3a263b3a2421212d4563632263260a26632021", "plaintext"=>"\xD2\x12\x82\xA6\xF6\xF3\xA2c\xB3\xA2B\x12\x12\xD4V62&2`\xA2f2\x02\x10"}
{"score"=>2, "key"=>"\a", "ciphertext"=>"c20292b6e6e3b273a3b2520202c4462622362270b27622120", "plaintext"=>"\xC2\x02\x92\xB6\xE6\xE3\xB2s\xA3\xB2R\x02\x02\xC4F&\"6\"p\xB2v\"\x12\x00"}
{"score"=>1, "key"=>"\b", "ciphertext"=>"32f26246161342835342a2f2f234b6d6d2c6d2804286d2e2f", "plaintext"=>"2\xF2bF\x16\x13B\x83SB\xA2\xF2\xF24\xB6\xD6\xD2\xC6\xD2\x80B\x86\xD2\xE2\xF0"}
{"score"=>4, "key"=>"\t", "ciphertext"=>"22e27256060352934352b2e2e224a6c6c2d6c2905296c2f2e", "plaintext"=>"\"\xE2rV\x06\x03R\x93CR\xB2\xE2\xE2$\xA6\xC6\xC2\xD6\xC2\x90R\x96\xC2\xF2\xE0"}
{"score"=>1, "key"=>"\n", "ciphertext"=>"12d24266363362a3736282d2d21496f6f2e6f2a062a6f2c2d", "plaintext"=>"\x12\xD2Bf63b\xA3sb\x82\xD2\xD2\x14\x96\xF6\xF2\xE6\xF2\xA0b\xA6\xF2\xC2\xD0"}
{"score"=>6, "key"=>"\v", "ciphertext"=>"2c25276262372b3637292c2c20486e6e2f6e2b072b6e2d2c", "plaintext"=>",%'bb7+67),, Hnn/n+\a+n-,"}
{"score"=>3, "key"=>"\f", "ciphertext"=>"72b22206565302c31302e2b2b274f696928692c002c692a2b", "plaintext"=>"r\xB2\"\x06VS\x02\xC3\x13\x02\xE2\xB2\xB2t\xF6\x96\x92\x86\x92\xC0\x02\xC6\x92\xA2\xB0"}
{"score"=>1, "key"=>"\r", "ciphertext"=>"62a23216464312d30312f2a2a264e686829682d012d682b2a", "plaintext"=>"b\xA22\x16FC\x12\xD3\x03\x12\xF2\xA2\xA2d\xE6\x86\x82\x96\x82\xD0\x12\xD6\x82\xB2\xA0"}
{"score"=>3, "key"=>"\x0E", "ciphertext"=>"52920226767322e33322c2929254d6b6b2a6b2e022e6b2829", "plaintext"=>"R\x92\x02&vs\"\xE33\"\xC2\x92\x92T\xD6\xB6\xB2\xA6\xB2\xE0\"\xE6\xB2\x82\x90"}
{"score"=>1, "key"=>"\x0F", "ciphertext"=>"42821236666332f32332d2828244c6a6a2b6a2f032f6a2928", "plaintext"=>"B\x82\x126fc2\xF3#2\xD2\x82\x82D\xC6\xA6\xA2\xB6\xA2\xF02\xF6\xA2\x92\x80"}
{"score"=>5, "key"=>"\x10", "ciphertext"=>"1b373e3c79792c302d2c3237373b5375753475301c30753637", "plaintext"=>"\e7><yy,0-,277;Suu4u0\x1C0u67"}
{"score"=>5, "key"=>"\x11", "ciphertext"=>"1a363f3d78782d312c2d3336363a5274743574311d31743736", "plaintext"=>"\x1A6?=xx-1,-366:Rtt5t1\x1D1t76"}
{"score"=>0, "key"=>"\x12", "ciphertext"=>"19353c3e7b7b2e322f2e303535395177773677321e32773435", "plaintext"=>"\x195<>{{.2/.0559Qww6w2\x1E2w45"}
{"score"=>0, "key"=>"\x13", "ciphertext"=>"18343d3f7a7a2f332e2f313434385076763776331f33763534", "plaintext"=>"\x184=?zz/3./1448Pvv7v3\x1F3v54"}
{"score"=>0, "key"=>"\x14", "ciphertext"=>"1f333a387d7d283429283633333f5771713071341834713233", "plaintext"=>"\x1F3:8}}(4)(633?Wqq0q4\x184q23"}
{"score"=>0, "key"=>"\x15", "ciphertext"=>"1e323b397c7c293528293732323e5670703170351935703332", "plaintext"=>"\x1E2;9||)5()722>Vpp1p5\x195p32"}
{"score"=>5, "key"=>"\x16", "ciphertext"=>"1d31383a7f7f2a362b2a3431313d5573733273361a36733031", "plaintext"=>"\x1D18:\x7F\x7F*6+*411=Uss2s6\x1A6s01"}
{"score"=>5, "key"=>"\x17", "ciphertext"=>"1c30393b7e7e2b372a2b3530303c5472723372371b37723130", "plaintext"=>"\x1C09;~~+7*+500<Trr3r7\e7r10"}
{"score"=>0, "key"=>"\x18", "ciphertext"=>"133f36347171243825243a3f3f335b7d7d3c7d3814387d3e3f", "plaintext"=>"\x13?64qq$8%$:??3[}}<}8\x148}>?"}
{"score"=>0, "key"=>"\x19", "ciphertext"=>"123e37357070253924253b3e3e325a7c7c3d7c3915397c3f3e", "plaintext"=>"\x12>75pp%9$%;>>2Z||=|9\x159|?>"}
{"score"=>2, "key"=>"\x1A", "ciphertext"=>"113d34367373263a2726383d3d31597f7f3e7f3a163a7f3c3d", "plaintext"=>"\x11=46ss&:'&8==1Y\x7F\x7F>\x7F:\x16:\x7F<="}
{"score"=>2, "key"=>"\e", "ciphertext"=>"103c35377272273b2627393c3c30587e7e3f7e3b173b7e3d3c", "plaintext"=>"\x10<57rr';&'9<<0X~~?~;\x17;~=<"}
{"score"=>4, "key"=>"\x1C", "ciphertext"=>"173b32307575203c21203e3b3b375f797938793c103c793a3b", "plaintext"=>"\x17;20uu <! >;;7_yy8y<\x10<y:;"}
{"score"=>3, "key"=>"\x1D", "ciphertext"=>"163a33317474213d20213f3a3a365e787839783d113d783b3a", "plaintext"=>"\x16:31tt!= !?::6^xx9x=\x11=x;:"}
{"score"=>0, "key"=>"\x1E", "ciphertext"=>"153930327777223e23223c3939355d7b7b3a7b3e123e7b3839", "plaintext"=>"\x15902ww\">#\"<995]{{:{>\x12>{89"}
{"score"=>0, "key"=>"\x1F", "ciphertext"=>"143831337676233f22233d3838345c7a7a3b7a3f133f7a3938", "plaintext"=>"\x14813vv#?\"#=884\\zz;z?\x13?z98"}
{"score"=>6, "key"=>" ", "ciphertext"=>"2b070e0c49491c001d1c0207070b6345450445002c00450607", "plaintext"=>"+\a\x0E\fII\x1C\x00\x1D\x1C\x02\a\a\vcEE\x04E\x00,\x00E\x06\a"}
{"score"=>6, "key"=>"!", "ciphertext"=>"2a060f0d48481d011c1d0306060a6244440544012d01440706", "plaintext"=>"*\x06\x0F\rHH\x1D\x01\x1C\x1D\x03\x06\x06\nbDD\x05D\x01-\x01D\a\x06"}
{"score"=>1, "key"=>"\"", "ciphertext"=>"29050c0e4b4b1e021f1e000505096147470647022e02470405", "plaintext"=>")\x05\f\x0EKK\x1E\x02\x1F\x1E\x00\x05\x05\taGG\x06G\x02.\x02G\x04\x05"}
{"score"=>0, "key"=>"#", "ciphertext"=>"28040d0f4a4a1f031e1f010404086046460746032f03460504", "plaintext"=>"(\x04\r\x0FJJ\x1F\x03\x1E\x1F\x01\x04\x04\b`FF\aF\x03/\x03F\x05\x04"}
{"score"=>4, "key"=>"$", "ciphertext"=>"2f030a084d4d180419180603030f6741410041042804410203", "plaintext"=>"/\x03\n\bMM\x18\x04\x19\x18\x06\x03\x03\x0FgAA\x00A\x04(\x04A\x02\x03"}
{"score"=>2, "key"=>"%", "ciphertext"=>"2e020b094c4c190518190702020e6640400140052905400302", "plaintext"=>".\x02\v\tLL\x19\x05\x18\x19\a\x02\x02\x0Ef@@\x01@\x05)\x05@\x03\x02"}
{"score"=>3, "key"=>"&", "ciphertext"=>"2d01080a4f4f1a061b1a0401010d6543430243062a06430001", "plaintext"=>"-\x01\b\nOO\x1A\x06\e\x1A\x04\x01\x01\reCC\x02C\x06*\x06C\x00\x01"}
{"score"=>3, "key"=>"'", "ciphertext"=>"2c00090b4e4e1b071a1b0500000c6442420342072b07420100", "plaintext"=>",\x00\t\vNN\e\a\x1A\e\x05\x00\x00\fdBB\x03B\a+\aB\x01\x00"}
{"score"=>2, "key"=>"(", "ciphertext"=>"230f06044141140815140a0f0f036b4d4d0c4d0824084d0e0f", "plaintext"=>"#\x0F\x06\x04AA\x14\b\x15\x14\n\x0F\x0F\x03kMM\fM\b$\bM\x0E\x0F"}
{"score"=>4, "key"=>")", "ciphertext"=>"220e07054040150914150b0e0e026a4c4c0d4c0925094c0f0e", "plaintext"=>"\"\x0E\a\x05@@\x15\t\x14\x15\v\x0E\x0E\x02jLL\rL\t%\tL\x0F\x0E"}
{"score"=>5, "key"=>"*", "ciphertext"=>"210d04064343160a1716080d0d01694f4f0e4f0a260a4f0c0d", "plaintext"=>"!\r\x04\x06CC\x16\n\x17\x16\b\r\r\x01iOO\x0EO\n&\nO\f\r"}
{"score"=>6, "key"=>"+", "ciphertext"=>"200c05074242170b1617090c0c00684e4e0f4e0b270b4e0d0c", "plaintext"=>" \f\x05\aBB\x17\v\x16\x17\t\f\f\x00hNN\x0FN\v'\vN\r\f"}
{"score"=>8, "key"=>",", "ciphertext"=>"270b02004545100c11100e0b0b076f494908490c200c490a0b", "plaintext"=>"'\v\x02\x00EE\x10\f\x11\x10\x0E\v\v\aoII\bI\f \fI\n\v"}
{"score"=>7, "key"=>"-", "ciphertext"=>"260a03014444110d10110f0a0a066e484809480d210d480b0a", "plaintext"=>"&\n\x03\x01DD\x11\r\x10\x11\x0F\n\n\x06nHH\tH\r!\rH\v\n"}
{"score"=>0, "key"=>".", "ciphertext"=>"250900024747120e13120c0909056d4b4b0a4b0e220e4b0809", "plaintext"=>"%\t\x00\x02GG\x12\x0E\x13\x12\f\t\t\x05mKK\nK\x0E\"\x0EK\b\t"}
{"score"=>1, "key"=>"/", "ciphertext"=>"240801034646130f12130d0808046c4a4a0b4a0f230f4a0908", "plaintext"=>"$\b\x01\x03FF\x13\x0F\x12\x13\r\b\b\x04lJJ\vJ\x0F#\x0FJ\t\b"}
{"score"=>5, "key"=>"0", "ciphertext"=>"3b171e1c59590c100d0c1217171b7355551455103c10551617", "plaintext"=>";\x17\x1E\x1CYY\f\x10\r\f\x12\x17\x17\esUU\x14U\x10<\x10U\x16\x17"}
{"score"=>5, "key"=>"1", "ciphertext"=>"3a161f1d58580d110c0d1316161a7254541554113d11541716", "plaintext"=>":\x16\x1F\x1DXX\r\x11\f\r\x13\x16\x16\x1ArTT\x15T\x11=\x11T\x17\x16"}
{"score"=>0, "key"=>"2", "ciphertext"=>"39151c1e5b5b0e120f0e101515197157571657123e12571415", "plaintext"=>"9\x15\x1C\x1E[[\x0E\x12\x0F\x0E\x10\x15\x15\x19qWW\x16W\x12>\x12W\x14\x15"}
{"score"=>0, "key"=>"3", "ciphertext"=>"38141d1f5a5a0f130e0f111414187056561756133f13561514", "plaintext"=>"8\x14\x1D\x1FZZ\x0F\x13\x0E\x0F\x11\x14\x14\x18pVV\x17V\x13?\x13V\x15\x14"}
{"score"=>0, "key"=>"4", "ciphertext"=>"3f131a185d5d081409081613131f7751511051143814511213", "plaintext"=>"?\x13\x1A\x18]]\b\x14\t\b\x16\x13\x13\x1FwQQ\x10Q\x148\x14Q\x12\x13"}
{"score"=>0, "key"=>"5", "ciphertext"=>"3e121b195c5c091508091712121e7650501150153915501312", "plaintext"=>">\x12\e\x19\\\\\t\x15\b\t\x17\x12\x12\x1EvPP\x11P\x159\x15P\x13\x12"}
{"score"=>5, "key"=>"6", "ciphertext"=>"3d11181a5f5f0a160b0a1411111d7553531253163a16531011", "plaintext"=>"=\x11\x18\x1A__\n\x16\v\n\x14\x11\x11\x1DuSS\x12S\x16:\x16S\x10\x11"}
{"score"=>5, "key"=>"7", "ciphertext"=>"3c10191b5e5e0b170a0b1510101c7452521352173b17521110", "plaintext"=>"<\x10\x19\e^^\v\x17\n\v\x15\x10\x10\x1CtRR\x13R\x17;\x17R\x11\x10"}
{"score"=>0, "key"=>"8", "ciphertext"=>"331f16145151041805041a1f1f137b5d5d1c5d1834185d1e1f", "plaintext"=>"3\x1F\x16\x14QQ\x04\x18\x05\x04\x1A\x1F\x1F\x13{]]\x1C]\x184\x18]\x1E\x1F"}
{"score"=>0, "key"=>"9", "ciphertext"=>"321e17155050051904051b1e1e127a5c5c1d5c1935195c1f1e", "plaintext"=>"2\x1E\x17\x15PP\x05\x19\x04\x05\e\x1E\x1E\x12z\\\\\x1D\\\x195\x19\\\x1F\x1E"}
{"score"=>2, "key"=>":", "ciphertext"=>"311d14165353061a0706181d1d11795f5f1e5f1a361a5f1c1d", "plaintext"=>"1\x1D\x14\x16SS\x06\x1A\a\x06\x18\x1D\x1D\x11y__\x1E_\x1A6\x1A_\x1C\x1D"}
{"score"=>2, "key"=>";", "ciphertext"=>"301c15175252071b0607191c1c10785e5e1f5e1b371b5e1d1c", "plaintext"=>"0\x1C\x15\x17RR\a\e\x06\a\x19\x1C\x1C\x10x^^\x1F^\e7\e^\x1D\x1C"}
{"score"=>2, "key"=>"<", "ciphertext"=>"371b12105555001c01001e1b1b177f595918591c301c591a1b", "plaintext"=>"7\e\x12\x10UU\x00\x1C\x01\x00\x1E\e\e\x17\x7FYY\x18Y\x1C0\x1CY\x1A\e"}
{"score"=>2, "key"=>"=", "ciphertext"=>"361a13115454011d00011f1a1a167e585819581d311d581b1a", "plaintext"=>"6\x1A\x13\x11TT\x01\x1D\x00\x01\x1F\x1A\x1A\x16~XX\x19X\x1D1\x1DX\e\x1A"}
{"score"=>0, "key"=>">", "ciphertext"=>"351910125757021e03021c1919157d5b5b1a5b1e321e5b1819", "plaintext"=>"5\x19\x10\x12WW\x02\x1E\x03\x02\x1C\x19\x19\x15}[[\x1A[\x1E2\x1E[\x18\x19"}
{"score"=>0, "key"=>"?", "ciphertext"=>"341811135656031f02031d1818147c5a5a1b5a1f331f5a1918", "plaintext"=>"4\x18\x11\x13VV\x03\x1F\x02\x03\x1D\x18\x18\x14|ZZ\eZ\x1F3\x1FZ\x19\x18"}
{"score"=>4, "key"=>"@", "ciphertext"=>"4b676e6c29297c607d7c6267676b0325256425604c60256667", "plaintext"=>"Kgnl))|`}|bggk\x03%%d%`L`%fg"}
{"score"=>5, "key"=>"A", "ciphertext"=>"4a666f6d28287d617c7d6366666a0224246524614d61246766", "plaintext"=>"Jfom((}a|}cffj\x02$$e$aMa$gf"}
{"score"=>10, "key"=>"B", "ciphertext"=>"49656c6e2b2b7e627f7e606565690127276627624e62276465", "plaintext"=>"Ieln++~b\x7F~`eei\x01''f'bNb'de"}
{"score"=>10, "key"=>"C", "ciphertext"=>"48646d6f2a2a7f637e7f616464680026266726634f63266564", "plaintext"=>"Hdmo**\x7Fc~\x7Faddh\x00&&g&cOc&ed"}
{"score"=>7, "key"=>"D", "ciphertext"=>"4f636a682d2d786479786663636f0721216021644864216263", "plaintext"=>"Ocjh--xdyxfcco\a!!`!dHd!bc"}
{"score"=>12, "key"=>"E", "ciphertext"=>"4e626b692c2c796578796762626e0620206120654965206362", "plaintext"=>"Nbki,,yexygbbn\x06  a eIe cb"}
{"score"=>6, "key"=>"F", "ciphertext"=>"4d61686a2f2f7a667b7a6461616d0523236223664a66236061", "plaintext"=>"Mahj//zf{zdaam\x05##b#fJf#`a"}
{"score"=>5, "key"=>"G", "ciphertext"=>"4c60696b2e2e7b677a7b6560606c0422226322674b67226160", "plaintext"=>"L`ik..{gz{e``l\x04\"\"c\"gKg\"a`"}
{"score"=>14, "key"=>"H", "ciphertext"=>"436f66642121746875746a6f6f630b2d2d6c2d6844682d6e6f", "plaintext"=>"Cofd!!thutjooc\v--l-hDh-no"}
{"score"=>15, "key"=>"I", "ciphertext"=>"426e67652020756974756b6e6e620a2c2c6d2c6945692c6f6e", "plaintext"=>"Bnge  uituknnb\n,,m,iEi,on"}
{"score"=>6, "key"=>"J", "ciphertext"=>"416d64662323766a7776686d6d61092f2f6e2f6a466a2f6c6d", "plaintext"=>"Amdf##vjwvhmma\t//n/jFj/lm"}
{"score"=>7, "key"=>"K", "ciphertext"=>"406c65672222776b7677696c6c60082e2e6f2e6b476b2e6d6c", "plaintext"=>"@leg\"\"wkvwill`\b..o.kGk.ml"}
{"score"=>5, "key"=>"L", "ciphertext"=>"476b62602525706c71706e6b6b670f292968296c406c296a6b", "plaintext"=>"Gkb`%%plqpnkkg\x0F))h)l@l)jk"}
{"score"=>4, "key"=>"M", "ciphertext"=>"466a63612424716d70716f6a6a660e282869286d416d286b6a", "plaintext"=>"Fjca$$qmpqojjf\x0E((i(mAm(kj"}
{"score"=>14, "key"=>"N", "ciphertext"=>"456960622727726e73726c6969650d2b2b6a2b6e426e2b6869", "plaintext"=>"Ei`b''rnsrliie\r++j+nBn+hi"}
{"score"=>14, "key"=>"O", "ciphertext"=>"446861632626736f72736d6868640c2a2a6b2a6f436f2a6968", "plaintext"=>"Dhac&&sorsmhhd\f**k*oCo*ih"}
{"score"=>4, "key"=>"P", "ciphertext"=>"5b777e7c39396c706d6c7277777b1335357435705c70357677", "plaintext"=>"[w~|99lpmlrww{\x1355t5p\\p5vw"}
{"score"=>3, "key"=>"Q", "ciphertext"=>"5a767f7d38386d716c6d7376767a1234347534715d71347776", "plaintext"=>"Zv\x7F}88mqlmsvvz\x1244u4q]q4wv"}
{"score"=>11, "key"=>"R", "ciphertext"=>"59757c7e3b3b6e726f6e707575791137377637725e72377475", "plaintext"=>"Yu|~;;nronpuuy\x1177v7r^r7tu"}
{"score"=>11, "key"=>"S", "ciphertext"=>"58747d7f3a3a6f736e6f717474781036367736735f73367574", "plaintext"=>"Xt}\x7F::osnoqttx\x1066w6s_s6ut"}
{"score"=>11, "key"=>"T", "ciphertext"=>"5f737a783d3d687469687673737f1731317031745874317273", "plaintext"=>"_szx==htihvss\x7F\x1711p1tXt1rs"}
{"score"=>11, "key"=>"U", "ciphertext"=>"5e727b793c3c697568697772727e1630307130755975307372", "plaintext"=>"^r{y<<iuhiwrr~\x1600q0uYu0sr"}
{"score"=>2, "key"=>"V", "ciphertext"=>"5d71787a3f3f6a766b6a7471717d1533337233765a76337071", "plaintext"=>"]qxz??jvkjtqq}\x1533r3vZv3pq"}
{"score"=>2, "key"=>"W", "ciphertext"=>"5c70797b3e3e6b776a6b7570707c1432327332775b77327170", "plaintext"=>"\\py{>>kwjkupp|\x1422s2w[w2qp"}
{"score"=>7, "key"=>"X", "ciphertext"=>"537f76743131647865647a7f7f731b3d3d7c3d7854783d7e7f", "plaintext"=>"S\x7Fvt11dxedz\x7F\x7Fs\e==|=xTx=~\x7F"}
{"score"=>7, "key"=>"Y", "ciphertext"=>"527e77753030657964657b7e7e721a3c3c7d3c7955793c7f7e", "plaintext"=>"R~wu00eyde{~~r\x1A<<}<yUy<\x7F~"}
{"score"=>1, "key"=>"Z", "ciphertext"=>"517d74763333667a6766787d7d71193f3f7e3f7a567a3f7c7d", "plaintext"=>"Q}tv33fzgfx}}q\x19??~?zVz?|}"}
{"score"=>1, "key"=>"[", "ciphertext"=>"507c75773232677b6667797c7c70183e3e7f3e7b577b3e7d7c", "plaintext"=>"P|uw22g{fgy||p\x18>>\x7F>{W{>}|"}
{"score"=>2, "key"=>"\\", "ciphertext"=>"577b72703535607c61607e7b7b771f393978397c507c397a7b", "plaintext"=>"W{rp55`|a`~{{w\x1F99x9|P|9z{"}
{"score"=>3, "key"=>"]", "ciphertext"=>"567a73713434617d60617f7a7a761e383879387d517d387b7a", "plaintext"=>"Vzsq44a}`a\x7Fzzv\x1E88y8}Q}8{z"}
{"score"=>4, "key"=>"^", "ciphertext"=>"557970723737627e63627c7979751d3b3b7a3b7e527e3b7879", "plaintext"=>"Uypr77b~cb|yyu\x1D;;z;~R~;xy"}
{"score"=>4, "key"=>"_", "ciphertext"=>"547871733636637f62637d7878741c3a3a7b3a7f537f3a7978", "plaintext"=>"Txqs66c\x7Fbc}xxt\x1C::{:\x7FS\x7F:yx"}
{"score"=>4, "key"=>"`", "ciphertext"=>"6b474e4c09095c405d5c4247474b2305054405406c40054647", "plaintext"=>"kGNL\t\t\\@]\\BGGK#\x05\x05D\x05@l@\x05FG"}
{"score"=>5, "key"=>"a", "ciphertext"=>"6a464f4d08085d415c5d4346464a2204044504416d41044746", "plaintext"=>"jFOM\b\b]A\\]CFFJ\"\x04\x04E\x04AmA\x04GF"}
{"score"=>10, "key"=>"b", "ciphertext"=>"69454c4e0b0b5e425f5e404545492107074607426e42074445", "plaintext"=>"iELN\v\v^B_^@EEI!\a\aF\aBnB\aDE"}
{"score"=>11, "key"=>"c", "ciphertext"=>"68444d4f0a0a5f435e5f414444482006064706436f43064544", "plaintext"=>"hDMO\n\n_C^_ADDH \x06\x06G\x06CoC\x06ED"}
{"score"=>7, "key"=>"d", "ciphertext"=>"6f434a480d0d584459584643434f2701014001446844014243", "plaintext"=>"oCJH\r\rXDYXFCCO'\x01\x01@\x01DhD\x01BC"}
{"score"=>8, "key"=>"e", "ciphertext"=>"6e424b490c0c594558594742424e2600004100456945004342", "plaintext"=>"nBKI\f\fYEXYGBBN&\x00\x00A\x00EiE\x00CB"}
{"score"=>6, "key"=>"f", "ciphertext"=>"6d41484a0f0f5a465b5a4441414d2503034203466a46034041", "plaintext"=>"mAHJ\x0F\x0FZF[ZDAAM%\x03\x03B\x03FjF\x03@A"}
{"score"=>5, "key"=>"g", "ciphertext"=>"6c40494b0e0e5b475a5b4540404c2402024302476b47024140", "plaintext"=>"l@IK\x0E\x0E[GZ[E@@L$\x02\x02C\x02GkG\x02A@"}
{"score"=>14, "key"=>"h", "ciphertext"=>"634f46440101544855544a4f4f432b0d0d4c0d4864480d4e4f", "plaintext"=>"cOFD\x01\x01THUTJOOC+\r\rL\rHdH\rNO"}
{"score"=>13, "key"=>"i", "ciphertext"=>"624e47450000554954554b4e4e422a0c0c4d0c4965490c4f4e", "plaintext"=>"bNGE\x00\x00UITUKNNB*\f\fM\fIeI\fON"}
{"score"=>6, "key"=>"j", "ciphertext"=>"614d44460303564a5756484d4d41290f0f4e0f4a664a0f4c4d", "plaintext"=>"aMDF\x03\x03VJWVHMMA)\x0F\x0FN\x0FJfJ\x0FLM"}
{"score"=>7, "key"=>"k", "ciphertext"=>"604c45470202574b5657494c4c40280e0e4f0e4b674b0e4d4c", "plaintext"=>"`LEG\x02\x02WKVWILL@(\x0E\x0EO\x0EKgK\x0EML"}
{"score"=>5, "key"=>"l", "ciphertext"=>"674b42400505504c51504e4b4b472f090948094c604c094a4b", "plaintext"=>"gKB@\x05\x05PLQPNKKG/\t\tH\tL`L\tJK"}
{"score"=>4, "key"=>"m", "ciphertext"=>"664a43410404514d50514f4a4a462e080849084d614d084b4a", "plaintext"=>"fJCA\x04\x04QMPQOJJF.\b\bI\bMaM\bKJ"}
{"score"=>14, "key"=>"n", "ciphertext"=>"654940420707524e53524c4949452d0b0b4a0b4e624e0b4849", "plaintext"=>"eI@B\a\aRNSRLIIE-\v\vJ\vNbN\vHI"}
{"score"=>14, "key"=>"o", "ciphertext"=>"644841430606534f52534d4848442c0a0a4b0a4f634f0a4948", "plaintext"=>"dHAC\x06\x06SORSMHHD,\n\nK\nOcO\nIH"}
{"score"=>4, "key"=>"p", "ciphertext"=>"7b575e5c19194c504d4c5257575b3315155415507c50155657", "plaintext"=>"{W^\\\x19\x19LPMLRWW[3\x15\x15T\x15P|P\x15VW"}
{"score"=>3, "key"=>"q", "ciphertext"=>"7a565f5d18184d514c4d5356565a3214145514517d51145756", "plaintext"=>"zV_]\x18\x18MQLMSVVZ2\x14\x14U\x14Q}Q\x14WV"}
{"score"=>11, "key"=>"r", "ciphertext"=>"79555c5e1b1b4e524f4e505555593117175617527e52175455", "plaintext"=>"yU\\^\e\eNRONPUUY1\x17\x17V\x17R~R\x17TU"}
{"score"=>11, "key"=>"s", "ciphertext"=>"78545d5f1a1a4f534e4f515454583016165716537f53165554", "plaintext"=>"xT]_\x1A\x1AOSNOQTTX0\x16\x16W\x16S\x7FS\x16UT"}
{"score"=>11, "key"=>"t", "ciphertext"=>"7f535a581d1d485449485653535f3711115011547854115253", "plaintext"=>"\x7FSZX\x1D\x1DHTIHVSS_7\x11\x11P\x11TxT\x11RS"}
{"score"=>11, "key"=>"u", "ciphertext"=>"7e525b591c1c495548495752525e3610105110557955105352", "plaintext"=>"~R[Y\x1C\x1CIUHIWRR^6\x10\x10Q\x10UyU\x10SR"}
{"score"=>2, "key"=>"v", "ciphertext"=>"7d51585a1f1f4a564b4a5451515d3513135213567a56135051", "plaintext"=>"}QXZ\x1F\x1FJVKJTQQ]5\x13\x13R\x13VzV\x13PQ"}
{"score"=>2, "key"=>"w", "ciphertext"=>"7c50595b1e1e4b574a4b5550505c3412125312577b57125150", "plaintext"=>"|PY[\x1E\x1EKWJKUPP\\4\x12\x12S\x12W{W\x12QP"}
{"score"=>7, "key"=>"x", "ciphertext"=>"735f56541111445845445a5f5f533b1d1d5c1d5874581d5e5f", "plaintext"=>"s_VT\x11\x11DXEDZ__S;\x1D\x1D\\\x1DXtX\x1D^_"}
{"score"=>7, "key"=>"y", "ciphertext"=>"725e57551010455944455b5e5e523a1c1c5d1c5975591c5f5e", "plaintext"=>"r^WU\x10\x10EYDE[^^R:\x1C\x1C]\x1CYuY\x1C_^"}
{"score"=>1, "key"=>"z", "ciphertext"=>"715d54561313465a4746585d5d51391f1f5e1f5a765a1f5c5d", "plaintext"=>"q]TV\x13\x13FZGFX]]Q9\x1F\x1F^\x1FZvZ\x1F\\]"}
{"score"=>1, "key"=>"{", "ciphertext"=>"705c55571212475b4647595c5c50381e1e5f1e5b775b1e5d5c", "plaintext"=>"p\\UW\x12\x12G[FGY\\\\P8\x1E\x1E_\x1E[w[\x1E]\\"}
{"score"=>2, "key"=>"|", "ciphertext"=>"775b52501515405c41405e5b5b573f191958195c705c195a5b", "plaintext"=>"w[RP\x15\x15@\\A@^[[W?\x19\x19X\x19\\p\\\x19Z["}
{"score"=>3, "key"=>"}", "ciphertext"=>"765a53511414415d40415f5a5a563e181859185d715d185b5a", "plaintext"=>"vZSQ\x14\x14A]@A_ZZV>\x18\x18Y\x18]q]\x18[Z"}
{"score"=>4, "key"=>"~", "ciphertext"=>"755950521717425e43425c5959553d1b1b5a1b5e725e1b5859", "plaintext"=>"uYPR\x17\x17B^CB\\YYU=\e\eZ\e^r^\eXY"}
{"score"=>4, "key"=>"\x7F", "ciphertext"=>"745851531616435f42435d5858543c1a1a5b1a5f735f1a5958", "plaintext"=>"tXQS\x16\x16C_BC]XXT<\x1A\x1A[\x1A_s_\x1AYX"}
{"score"=>0, "key"=>"\x80", "ciphertext"=>"8ba7aeace9e9bca0bdbca2a7a7abc3e5e5a4e5a08ca0e5a6a7", "plaintext"=>"\x8B\xA7\xAE\xAC\xE9\xE9\xBC\xA0\xBD\xBC\xA2\xA7\xA7\xAB\xC3\xE5\xE5\xA4\xE5\xA0\x8C\xA0\xE5\xA6\xA7"}
{"score"=>0, "key"=>"\x81", "ciphertext"=>"8aa6afade8e8bda1bcbda3a6a6aac2e4e4a5e4a18da1e4a7a6", "plaintext"=>"\x8A\xA6\xAF\xAD\xE8\xE8\xBD\xA1\xBC\xBD\xA3\xA6\xA6\xAA\xC2\xE4\xE4\xA5\xE4\xA1\x8D\xA1\xE4\xA7\xA6"}
{"score"=>0, "key"=>"\x82", "ciphertext"=>"89a5acaeebebbea2bfbea0a5a5a9c1e7e7a6e7a28ea2e7a4a5", "plaintext"=>"\x89\xA5\xAC\xAE\xEB\xEB\xBE\xA2\xBF\xBE\xA0\xA5\xA5\xA9\xC1\xE7\xE7\xA6\xE7\xA2\x8E\xA2\xE7\xA4\xA5"}
{"score"=>0, "key"=>"\x83", "ciphertext"=>"88a4adafeaeabfa3bebfa1a4a4a8c0e6e6a7e6a38fa3e6a5a4", "plaintext"=>"\x88\xA4\xAD\xAF\xEA\xEA\xBF\xA3\xBE\xBF\xA1\xA4\xA4\xA8\xC0\xE6\xE6\xA7\xE6\xA3\x8F\xA3\xE6\xA5\xA4"}
{"score"=>0, "key"=>"\x84", "ciphertext"=>"8fa3aaa8ededb8a4b9b8a6a3a3afc7e1e1a0e1a488a4e1a2a3", "plaintext"=>"\x8F\xA3\xAA\xA8\xED\xED\xB8\xA4\xB9\xB8\xA6\xA3\xA3\xAF\xC7\xE1\xE1\xA0\xE1\xA4\x88\xA4\xE1\xA2\xA3"}
{"score"=>0, "key"=>"\x85", "ciphertext"=>"8ea2aba9ececb9a5b8b9a7a2a2aec6e0e0a1e0a589a5e0a3a2", "plaintext"=>"\x8E\xA2\xAB\xA9\xEC\xEC\xB9\xA5\xB8\xB9\xA7\xA2\xA2\xAE\xC6\xE0\xE0\xA1\xE0\xA5\x89\xA5\xE0\xA3\xA2"}
{"score"=>0, "key"=>"\x86", "ciphertext"=>"8da1a8aaefefbaa6bbbaa4a1a1adc5e3e3a2e3a68aa6e3a0a1", "plaintext"=>"\x8D\xA1\xA8\xAA\xEF\xEF\xBA\xA6\xBB\xBA\xA4\xA1\xA1\xAD\xC5\xE3\xE3\xA2\xE3\xA6\x8A\xA6\xE3\xA0\xA1"}
{"score"=>0, "key"=>"\x87", "ciphertext"=>"8ca0a9abeeeebba7babba5a0a0acc4e2e2a3e2a78ba7e2a1a0", "plaintext"=>"\x8C\xA0\xA9\xAB\xEE\xEE\xBB\xA7\xBA\xBB\xA5\xA0\xA0\xAC\xC4\xE2\xE2\xA3\xE2\xA7\x8B\xA7\xE2\xA1\xA0"}
{"score"=>0, "key"=>"\x88", "ciphertext"=>"83afa6a4e1e1b4a8b5b4aaafafa3cbededaceda884a8edaeaf", "plaintext"=>"\x83\xAF\xA6\xA4\xE1\xE1\xB4\xA8\xB5\xB4\xAA\xAF\xAF\xA3\xCB\xED\xED\xAC\xED\xA8\x84\xA8\xED\xAE\xAF"}
{"score"=>0, "key"=>"\x89", "ciphertext"=>"82aea7a5e0e0b5a9b4b5abaeaea2caececadeca985a9ecafae", "plaintext"=>"\x82\xAE\xA7\xA5\xE0\xE0\xB5\xA9\xB4\xB5\xAB\xAE\xAE\xA2\xCA\xEC\xEC\xAD\xEC\xA9\x85\xA9\xEC\xAF\xAE"}
{"score"=>0, "key"=>"\x8A", "ciphertext"=>"81ada4a6e3e3b6aab7b6a8adada1c9efefaeefaa86aaefacad", "plaintext"=>"\x81\xAD\xA4\xA6\xE3\xE3\xB6\xAA\xB7\xB6\xA8\xAD\xAD\xA1\xC9\xEF\xEF\xAE\xEF\xAA\x86\xAA\xEF\xAC\xAD"}
{"score"=>0, "key"=>"\x8B", "ciphertext"=>"80aca5a7e2e2b7abb6b7a9acaca0c8eeeeafeeab87abeeadac", "plaintext"=>"\x80\xAC\xA5\xA7\xE2\xE2\xB7\xAB\xB6\xB7\xA9\xAC\xAC\xA0\xC8\xEE\xEE\xAF\xEE\xAB\x87\xAB\xEE\xAD\xAC"}
{"score"=>0, "key"=>"\x8C", "ciphertext"=>"87aba2a0e5e5b0acb1b0aeababa7cfe9e9a8e9ac80ace9aaab", "plaintext"=>"\x87\xAB\xA2\xA0\xE5\xE5\xB0\xAC\xB1\xB0\xAE\xAB\xAB\xA7\xCF\xE9\xE9\xA8\xE9\xAC\x80\xAC\xE9\xAA\xAB"}
{"score"=>0, "key"=>"\x8D", "ciphertext"=>"86aaa3a1e4e4b1adb0b1afaaaaa6cee8e8a9e8ad81ade8abaa", "plaintext"=>"\x86\xAA\xA3\xA1\xE4\xE4\xB1\xAD\xB0\xB1\xAF\xAA\xAA\xA6\xCE\xE8\xE8\xA9\xE8\xAD\x81\xAD\xE8\xAB\xAA"}
{"score"=>0, "key"=>"\x8E", "ciphertext"=>"85a9a0a2e7e7b2aeb3b2aca9a9a5cdebebaaebae82aeeba8a9", "plaintext"=>"\x85\xA9\xA0\xA2\xE7\xE7\xB2\xAE\xB3\xB2\xAC\xA9\xA9\xA5\xCD\xEB\xEB\xAA\xEB\xAE\x82\xAE\xEB\xA8\xA9"}
{"score"=>0, "key"=>"\x8F", "ciphertext"=>"84a8a1a3e6e6b3afb2b3ada8a8a4cceaeaabeaaf83afeaa9a8", "plaintext"=>"\x84\xA8\xA1\xA3\xE6\xE6\xB3\xAF\xB2\xB3\xAD\xA8\xA8\xA4\xCC\xEA\xEA\xAB\xEA\xAF\x83\xAF\xEA\xA9\xA8"}
{"score"=>0, "key"=>"\x90", "ciphertext"=>"9bb7bebcf9f9acb0adacb2b7b7bbd3f5f5b4f5b09cb0f5b6b7", "plaintext"=>"\x9B\xB7\xBE\xBC\xF9\xF9\xAC\xB0\xAD\xAC\xB2\xB7\xB7\xBB\xD3\xF5\xF5\xB4\xF5\xB0\x9C\xB0\xF5\xB6\xB7"}
{"score"=>0, "key"=>"\x91", "ciphertext"=>"9ab6bfbdf8f8adb1acadb3b6b6bad2f4f4b5f4b19db1f4b7b6", "plaintext"=>"\x9A\xB6\xBF\xBD\xF8\xF8\xAD\xB1\xAC\xAD\xB3\xB6\xB6\xBA\xD2\xF4\xF4\xB5\xF4\xB1\x9D\xB1\xF4\xB7\xB6"}
{"score"=>0, "key"=>"\x92", "ciphertext"=>"99b5bcbefbfbaeb2afaeb0b5b5b9d1f7f7b6f7b29eb2f7b4b5", "plaintext"=>"\x99\xB5\xBC\xBE\xFB\xFB\xAE\xB2\xAF\xAE\xB0\xB5\xB5\xB9\xD1\xF7\xF7\xB6\xF7\xB2\x9E\xB2\xF7\xB4\xB5"}
{"score"=>0, "key"=>"\x93", "ciphertext"=>"98b4bdbffafaafb3aeafb1b4b4b8d0f6f6b7f6b39fb3f6b5b4", "plaintext"=>"\x98\xB4\xBD\xBF\xFA\xFA\xAF\xB3\xAE\xAF\xB1\xB4\xB4\xB8\xD0\xF6\xF6\xB7\xF6\xB3\x9F\xB3\xF6\xB5\xB4"}
{"score"=>0, "key"=>"\x94", "ciphertext"=>"9fb3bab8fdfda8b4a9a8b6b3b3bfd7f1f1b0f1b498b4f1b2b3", "plaintext"=>"\x9F\xB3\xBA\xB8\xFD\xFD\xA8\xB4\xA9\xA8\xB6\xB3\xB3\xBF\xD7\xF1\xF1\xB0\xF1\xB4\x98\xB4\xF1\xB2\xB3"}
{"score"=>0, "key"=>"\x95", "ciphertext"=>"9eb2bbb9fcfca9b5a8a9b7b2b2bed6f0f0b1f0b599b5f0b3b2", "plaintext"=>"\x9E\xB2\xBB\xB9\xFC\xFC\xA9\xB5\xA8\xA9\xB7\xB2\xB2\xBE\xD6\xF0\xF0\xB1\xF0\xB5\x99\xB5\xF0\xB3\xB2"}
{"score"=>0, "key"=>"\x96", "ciphertext"=>"9db1b8baffffaab6abaab4b1b1bdd5f3f3b2f3b69ab6f3b0b1", "plaintext"=>"\x9D\xB1\xB8\xBA\xFF\xFF\xAA\xB6\xAB\xAA\xB4\xB1\xB1\xBD\xD5\xF3\xF3\xB2\xF3\xB6\x9A\xB6\xF3\xB0\xB1"}
{"score"=>0, "key"=>"\x97", "ciphertext"=>"9cb0b9bbfefeabb7aaabb5b0b0bcd4f2f2b3f2b79bb7f2b1b0", "plaintext"=>"\x9C\xB0\xB9\xBB\xFE\xFE\xAB\xB7\xAA\xAB\xB5\xB0\xB0\xBC\xD4\xF2\xF2\xB3\xF2\xB7\x9B\xB7\xF2\xB1\xB0"}
{"score"=>0, "key"=>"\x98", "ciphertext"=>"93bfb6b4f1f1a4b8a5a4babfbfb3dbfdfdbcfdb894b8fdbebf", "plaintext"=>"\x93\xBF\xB6\xB4\xF1\xF1\xA4\xB8\xA5\xA4\xBA\xBF\xBF\xB3\xDB\xFD\xFD\xBC\xFD\xB8\x94\xB8\xFD\xBE\xBF"}
{"score"=>0, "key"=>"\x99", "ciphertext"=>"92beb7b5f0f0a5b9a4a5bbbebeb2dafcfcbdfcb995b9fcbfbe", "plaintext"=>"\x92\xBE\xB7\xB5\xF0\xF0\xA5\xB9\xA4\xA5\xBB\xBE\xBE\xB2\xDA\xFC\xFC\xBD\xFC\xB9\x95\xB9\xFC\xBF\xBE"}
{"score"=>0, "key"=>"\x9A", "ciphertext"=>"91bdb4b6f3f3a6baa7a6b8bdbdb1d9ffffbeffba96baffbcbd", "plaintext"=>"\x91\xBD\xB4\xB6\xF3\xF3\xA6\xBA\xA7\xA6\xB8\xBD\xBD\xB1\xD9\xFF\xFF\xBE\xFF\xBA\x96\xBA\xFF\xBC\xBD"}
{"score"=>0, "key"=>"\x9B", "ciphertext"=>"90bcb5b7f2f2a7bba6a7b9bcbcb0d8fefebffebb97bbfebdbc", "plaintext"=>"\x90\xBC\xB5\xB7\xF2\xF2\xA7\xBB\xA6\xA7\xB9\xBC\xBC\xB0\xD8\xFE\xFE\xBF\xFE\xBB\x97\xBB\xFE\xBD\xBC"}
{"score"=>0, "key"=>"\x9C", "ciphertext"=>"97bbb2b0f5f5a0bca1a0bebbbbb7dff9f9b8f9bc90bcf9babb", "plaintext"=>"\x97\xBB\xB2\xB0\xF5\xF5\xA0\xBC\xA1\xA0\xBE\xBB\xBB\xB7\xDF\xF9\xF9\xB8\xF9\xBC\x90\xBC\xF9\xBA\xBB"}
{"score"=>0, "key"=>"\x9D", "ciphertext"=>"96bab3b1f4f4a1bda0a1bfbabab6def8f8b9f8bd91bdf8bbba", "plaintext"=>"\x96\xBA\xB3\xB1\xF4\xF4\xA1\xBD\xA0\xA1\xBF\xBA\xBA\xB6\xDE\xF8\xF8\xB9\xF8\xBD\x91\xBD\xF8\xBB\xBA"}
{"score"=>0, "key"=>"\x9E", "ciphertext"=>"95b9b0b2f7f7a2bea3a2bcb9b9b5ddfbfbbafbbe92befbb8b9", "plaintext"=>"\x95\xB9\xB0\xB2\xF7\xF7\xA2\xBE\xA3\xA2\xBC\xB9\xB9\xB5\xDD\xFB\xFB\xBA\xFB\xBE\x92\xBE\xFB\xB8\xB9"}
{"score"=>0, "key"=>"\x9F", "ciphertext"=>"94b8b1b3f6f6a3bfa2a3bdb8b8b4dcfafabbfabf93bffab9b8", "plaintext"=>"\x94\xB8\xB1\xB3\xF6\xF6\xA3\xBF\xA2\xA3\xBD\xB8\xB8\xB4\xDC\xFA\xFA\xBB\xFA\xBF\x93\xBF\xFA\xB9\xB8"}
{"score"=>0, "key"=>"\xA0", "ciphertext"=>"ab878e8cc9c99c809d9c8287878be3c5c584c580ac80c58687", "plaintext"=>"\xAB\x87\x8E\x8C\xC9\xC9\x9C\x80\x9D\x9C\x82\x87\x87\x8B\xE3\xC5\xC5\x84\xC5\x80\xAC\x80\xC5\x86\x87"}
{"score"=>0, "key"=>"\xA1", "ciphertext"=>"aa868f8dc8c89d819c9d8386868ae2c4c485c481ad81c48786", "plaintext"=>"\xAA\x86\x8F\x8D\xC8\xC8\x9D\x81\x9C\x9D\x83\x86\x86\x8A\xE2\xC4\xC4\x85\xC4\x81\xAD\x81\xC4\x87\x86"}
{"score"=>0, "key"=>"\xA2", "ciphertext"=>"a9858c8ecbcb9e829f9e80858589e1c7c786c782ae82c78485", "plaintext"=>"\xA9\x85\x8C\x8E\xCB\xCB\x9E\x82\x9F\x9E\x80\x85\x85\x89\xE1\xC7\xC7\x86\xC7\x82\xAE\x82\xC7\x84\x85"}
{"score"=>0, "key"=>"\xA3", "ciphertext"=>"a8848d8fcaca9f839e9f81848488e0c6c687c683af83c68584", "plaintext"=>"\xA8\x84\x8D\x8F\xCA\xCA\x9F\x83\x9E\x9F\x81\x84\x84\x88\xE0\xC6\xC6\x87\xC6\x83\xAF\x83\xC6\x85\x84"}
{"score"=>0, "key"=>"\xA4", "ciphertext"=>"af838a88cdcd988499988683838fe7c1c180c184a884c18283", "plaintext"=>"\xAF\x83\x8A\x88\xCD\xCD\x98\x84\x99\x98\x86\x83\x83\x8F\xE7\xC1\xC1\x80\xC1\x84\xA8\x84\xC1\x82\x83"}
{"score"=>0, "key"=>"\xA5", "ciphertext"=>"ae828b89cccc998598998782828ee6c0c081c085a985c08382", "plaintext"=>"\xAE\x82\x8B\x89\xCC\xCC\x99\x85\x98\x99\x87\x82\x82\x8E\xE6\xC0\xC0\x81\xC0\x85\xA9\x85\xC0\x83\x82"}
{"score"=>0, "key"=>"\xA6", "ciphertext"=>"ad81888acfcf9a869b9a8481818de5c3c382c386aa86c38081", "plaintext"=>"\xAD\x81\x88\x8A\xCF\xCF\x9A\x86\x9B\x9A\x84\x81\x81\x8D\xE5\xC3\xC3\x82\xC3\x86\xAA\x86\xC3\x80\x81"}
{"score"=>0, "key"=>"\xA7", "ciphertext"=>"ac80898bcece9b879a9b8580808ce4c2c283c287ab87c28180", "plaintext"=>"\xAC\x80\x89\x8B\xCE\xCE\x9B\x87\x9A\x9B\x85\x80\x80\x8C\xE4\xC2\xC2\x83\xC2\x87\xAB\x87\xC2\x81\x80"}
{"score"=>0, "key"=>"\xA8", "ciphertext"=>"a38f8684c1c1948895948a8f8f83ebcdcd8ccd88a488cd8e8f", "plaintext"=>"\xA3\x8F\x86\x84\xC1\xC1\x94\x88\x95\x94\x8A\x8F\x8F\x83\xEB\xCD\xCD\x8C\xCD\x88\xA4\x88\xCD\x8E\x8F"}
{"score"=>0, "key"=>"\xA9", "ciphertext"=>"a28e8785c0c0958994958b8e8e82eacccc8dcc89a589cc8f8e", "plaintext"=>"\xA2\x8E\x87\x85\xC0\xC0\x95\x89\x94\x95\x8B\x8E\x8E\x82\xEA\xCC\xCC\x8D\xCC\x89\xA5\x89\xCC\x8F\x8E"}
{"score"=>0, "key"=>"\xAA", "ciphertext"=>"a18d8486c3c3968a9796888d8d81e9cfcf8ecf8aa68acf8c8d", "plaintext"=>"\xA1\x8D\x84\x86\xC3\xC3\x96\x8A\x97\x96\x88\x8D\x8D\x81\xE9\xCF\xCF\x8E\xCF\x8A\xA6\x8A\xCF\x8C\x8D"}
{"score"=>0, "key"=>"\xAB", "ciphertext"=>"a08c8587c2c2978b9697898c8c80e8cece8fce8ba78bce8d8c", "plaintext"=>"\xA0\x8C\x85\x87\xC2\xC2\x97\x8B\x96\x97\x89\x8C\x8C\x80\xE8\xCE\xCE\x8F\xCE\x8B\xA7\x8B\xCE\x8D\x8C"}
{"score"=>0, "key"=>"\xAC", "ciphertext"=>"a78b8280c5c5908c91908e8b8b87efc9c988c98ca08cc98a8b", "plaintext"=>"\xA7\x8B\x82\x80\xC5\xC5\x90\x8C\x91\x90\x8E\x8B\x8B\x87\xEF\xC9\xC9\x88\xC9\x8C\xA0\x8C\xC9\x8A\x8B"}
{"score"=>0, "key"=>"\xAD", "ciphertext"=>"a68a8381c4c4918d90918f8a8a86eec8c889c88da18dc88b8a", "plaintext"=>"\xA6\x8A\x83\x81\xC4\xC4\x91\x8D\x90\x91\x8F\x8A\x8A\x86\xEE\xC8\xC8\x89\xC8\x8D\xA1\x8D\xC8\x8B\x8A"}
{"score"=>0, "key"=>"\xAE", "ciphertext"=>"a5898082c7c7928e93928c898985edcbcb8acb8ea28ecb8889", "plaintext"=>"\xA5\x89\x80\x82\xC7\xC7\x92\x8E\x93\x92\x8C\x89\x89\x85\xED\xCB\xCB\x8A\xCB\x8E\xA2\x8E\xCB\x88\x89"}
{"score"=>0, "key"=>"\xAF", "ciphertext"=>"a4888183c6c6938f92938d888884eccaca8bca8fa38fca8988", "plaintext"=>"\xA4\x88\x81\x83\xC6\xC6\x93\x8F\x92\x93\x8D\x88\x88\x84\xEC\xCA\xCA\x8B\xCA\x8F\xA3\x8F\xCA\x89\x88"}
{"score"=>0, "key"=>"\xB0", "ciphertext"=>"bb979e9cd9d98c908d8c9297979bf3d5d594d590bc90d59697", "plaintext"=>"\xBB\x97\x9E\x9C\xD9\xD9\x8C\x90\x8D\x8C\x92\x97\x97\x9B\xF3\xD5\xD5\x94\xD5\x90\xBC\x90\xD5\x96\x97"}
{"score"=>0, "key"=>"\xB1", "ciphertext"=>"ba969f9dd8d88d918c8d9396969af2d4d495d491bd91d49796", "plaintext"=>"\xBA\x96\x9F\x9D\xD8\xD8\x8D\x91\x8C\x8D\x93\x96\x96\x9A\xF2\xD4\xD4\x95\xD4\x91\xBD\x91\xD4\x97\x96"}
{"score"=>0, "key"=>"\xB2", "ciphertext"=>"b9959c9edbdb8e928f8e90959599f1d7d796d792be92d79495", "plaintext"=>"\xB9\x95\x9C\x9E\xDB\xDB\x8E\x92\x8F\x8E\x90\x95\x95\x99\xF1\xD7\xD7\x96\xD7\x92\xBE\x92\xD7\x94\x95"}
{"score"=>0, "key"=>"\xB3", "ciphertext"=>"b8949d9fdada8f938e8f91949498f0d6d697d693bf93d69594", "plaintext"=>"\xB8\x94\x9D\x9F\xDA\xDA\x8F\x93\x8E\x8F\x91\x94\x94\x98\xF0\xD6\xD6\x97\xD6\x93\xBF\x93\xD6\x95\x94"}
{"score"=>0, "key"=>"\xB4", "ciphertext"=>"bf939a98dddd889489889693939ff7d1d190d194b894d19293", "plaintext"=>"\xBF\x93\x9A\x98\xDD\xDD\x88\x94\x89\x88\x96\x93\x93\x9F\xF7\xD1\xD1\x90\xD1\x94\xB8\x94\xD1\x92\x93"}
{"score"=>0, "key"=>"\xB5", "ciphertext"=>"be929b99dcdc899588899792929ef6d0d091d095b995d09392", "plaintext"=>"\xBE\x92\x9B\x99\xDC\xDC\x89\x95\x88\x89\x97\x92\x92\x9E\xF6\xD0\xD0\x91\xD0\x95\xB9\x95\xD0\x93\x92"}
{"score"=>0, "key"=>"\xB6", "ciphertext"=>"bd91989adfdf8a968b8a9491919df5d3d392d396ba96d39091", "plaintext"=>"\xBD\x91\x98\x9A\xDF\xDF\x8A\x96\x8B\x8A\x94\x91\x91\x9D\xF5\xD3\xD3\x92\xD3\x96\xBA\x96\xD3\x90\x91"}
{"score"=>0, "key"=>"\xB7", "ciphertext"=>"bc90999bdede8b978a8b9590909cf4d2d293d297bb97d29190", "plaintext"=>"\xBC\x90\x99\x9B\xDE\xDE\x8B\x97\x8A\x8B\x95\x90\x90\x9C\xF4\xD2\xD2\x93\xD2\x97\xBB\x97\xD2\x91\x90"}
{"score"=>0, "key"=>"\xB8", "ciphertext"=>"b39f9694d1d1849885849a9f9f93fbdddd9cdd98b498dd9e9f", "plaintext"=>"\xB3\x9F\x96\x94\xD1\xD1\x84\x98\x85\x84\x9A\x9F\x9F\x93\xFB\xDD\xDD\x9C\xDD\x98\xB4\x98\xDD\x9E\x9F"}
{"score"=>0, "key"=>"\xB9", "ciphertext"=>"b29e9795d0d0859984859b9e9e92fadcdc9ddc99b599dc9f9e", "plaintext"=>"\xB2\x9E\x97\x95\xD0\xD0\x85\x99\x84\x85\x9B\x9E\x9E\x92\xFA\xDC\xDC\x9D\xDC\x99\xB5\x99\xDC\x9F\x9E"}
{"score"=>0, "key"=>"\xBA", "ciphertext"=>"b19d9496d3d3869a8786989d9d91f9dfdf9edf9ab69adf9c9d", "plaintext"=>"\xB1\x9D\x94\x96\xD3\xD3\x86\x9A\x87\x86\x98\x9D\x9D\x91\xF9\xDF\xDF\x9E\xDF\x9A\xB6\x9A\xDF\x9C\x9D"}
{"score"=>0, "key"=>"\xBB", "ciphertext"=>"b09c9597d2d2879b8687999c9c90f8dede9fde9bb79bde9d9c", "plaintext"=>"\xB0\x9C\x95\x97\xD2\xD2\x87\x9B\x86\x87\x99\x9C\x9C\x90\xF8\xDE\xDE\x9F\xDE\x9B\xB7\x9B\xDE\x9D\x9C"}
{"score"=>0, "key"=>"\xBC", "ciphertext"=>"b79b9290d5d5809c81809e9b9b97ffd9d998d99cb09cd99a9b", "plaintext"=>"\xB7\x9B\x92\x90\xD5\xD5\x80\x9C\x81\x80\x9E\x9B\x9B\x97\xFF\xD9\xD9\x98\xD9\x9C\xB0\x9C\xD9\x9A\x9B"}
{"score"=>0, "key"=>"\xBD", "ciphertext"=>"b69a9391d4d4819d80819f9a9a96fed8d899d89db19dd89b9a", "plaintext"=>"\xB6\x9A\x93\x91\xD4\xD4\x81\x9D\x80\x81\x9F\x9A\x9A\x96\xFE\xD8\xD8\x99\xD8\x9D\xB1\x9D\xD8\x9B\x9A"}
{"score"=>0, "key"=>"\xBE", "ciphertext"=>"b5999092d7d7829e83829c999995fddbdb9adb9eb29edb9899", "plaintext"=>"\xB5\x99\x90\x92\xD7\xD7\x82\x9E\x83\x82\x9C\x99\x99\x95\xFD\xDB\xDB\x9A\xDB\x9E\xB2\x9E\xDB\x98\x99"}
{"score"=>0, "key"=>"\xBF", "ciphertext"=>"b4989193d6d6839f82839d989894fcdada9bda9fb39fda9998", "plaintext"=>"\xB4\x98\x91\x93\xD6\xD6\x83\x9F\x82\x83\x9D\x98\x98\x94\xFC\xDA\xDA\x9B\xDA\x9F\xB3\x9F\xDA\x99\x98"}
{"score"=>0, "key"=>"\xC0", "ciphertext"=>"cbe7eeeca9a9fce0fdfce2e7e7eb83a5a5e4a5e0cce0a5e6e7", "plaintext"=>"\xCB\xE7\xEE\xEC\xA9\xA9\xFC\xE0\xFD\xFC\xE2\xE7\xE7\xEB\x83\xA5\xA5\xE4\xA5\xE0\xCC\xE0\xA5\xE6\xE7"}
{"score"=>0, "key"=>"\xC1", "ciphertext"=>"cae6efeda8a8fde1fcfde3e6e6ea82a4a4e5a4e1cde1a4e7e6", "plaintext"=>"\xCA\xE6\xEF\xED\xA8\xA8\xFD\xE1\xFC\xFD\xE3\xE6\xE6\xEA\x82\xA4\xA4\xE5\xA4\xE1\xCD\xE1\xA4\xE7\xE6"}
{"score"=>0, "key"=>"\xC2", "ciphertext"=>"c9e5eceeababfee2fffee0e5e5e981a7a7e6a7e2cee2a7e4e5", "plaintext"=>"\xC9\xE5\xEC\xEE\xAB\xAB\xFE\xE2\xFF\xFE\xE0\xE5\xE5\xE9\x81\xA7\xA7\xE6\xA7\xE2\xCE\xE2\xA7\xE4\xE5"}
{"score"=>0, "key"=>"\xC3", "ciphertext"=>"c8e4edefaaaaffe3feffe1e4e4e880a6a6e7a6e3cfe3a6e5e4", "plaintext"=>"\xC8\xE4\xED\xEF\xAA\xAA\xFF\xE3\xFE\xFF\xE1\xE4\xE4\xE8\x80\xA6\xA6\xE7\xA6\xE3\xCF\xE3\xA6\xE5\xE4"}
{"score"=>0, "key"=>"\xC4", "ciphertext"=>"cfe3eae8adadf8e4f9f8e6e3e3ef87a1a1e0a1e4c8e4a1e2e3", "plaintext"=>"\xCF\xE3\xEA\xE8\xAD\xAD\xF8\xE4\xF9\xF8\xE6\xE3\xE3\xEF\x87\xA1\xA1\xE0\xA1\xE4\xC8\xE4\xA1\xE2\xE3"}
{"score"=>0, "key"=>"\xC5", "ciphertext"=>"cee2ebe9acacf9e5f8f9e7e2e2ee86a0a0e1a0e5c9e5a0e3e2", "plaintext"=>"\xCE\xE2\xEB\xE9\xAC\xAC\xF9\xE5\xF8\xF9\xE7\xE2\xE2\xEE\x86\xA0\xA0\xE1\xA0\xE5\xC9\xE5\xA0\xE3\xE2"}
{"score"=>0, "key"=>"\xC6", "ciphertext"=>"cde1e8eaafaffae6fbfae4e1e1ed85a3a3e2a3e6cae6a3e0e1", "plaintext"=>"\xCD\xE1\xE8\xEA\xAF\xAF\xFA\xE6\xFB\xFA\xE4\xE1\xE1\xED\x85\xA3\xA3\xE2\xA3\xE6\xCA\xE6\xA3\xE0\xE1"}
{"score"=>0, "key"=>"\xC7", "ciphertext"=>"cce0e9ebaeaefbe7fafbe5e0e0ec84a2a2e3a2e7cbe7a2e1e0", "plaintext"=>"\xCC\xE0\xE9\xEB\xAE\xAE\xFB\xE7\xFA\xFB\xE5\xE0\xE0\xEC\x84\xA2\xA2\xE3\xA2\xE7\xCB\xE7\xA2\xE1\xE0"}
{"score"=>0, "key"=>"\xC8", "ciphertext"=>"c3efe6e4a1a1f4e8f5f4eaefefe38badadecade8c4e8adeeef", "plaintext"=>"\xC3\xEF\xE6\xE4\xA1\xA1\xF4\xE8\xF5\xF4\xEA\xEF\xEF\xE3\x8B\xAD\xAD\xEC\xAD\xE8\xC4\xE8\xAD\xEE\xEF"}
{"score"=>0, "key"=>"\xC9", "ciphertext"=>"c2eee7e5a0a0f5e9f4f5ebeeeee28aacacedace9c5e9acefee", "plaintext"=>"\xC2\xEE\xE7\xE5\xA0\xA0\xF5\xE9\xF4\xF5\xEB\xEE\xEE\xE2\x8A\xAC\xAC\xED\xAC\xE9\xC5\xE9\xAC\xEF\xEE"}
{"score"=>0, "key"=>"\xCA", "ciphertext"=>"c1ede4e6a3a3f6eaf7f6e8edede189afafeeafeac6eaafeced", "plaintext"=>"\xC1\xED\xE4\xE6\xA3\xA3\xF6\xEA\xF7\xF6\xE8\xED\xED\xE1\x89\xAF\xAF\xEE\xAF\xEA\xC6\xEA\xAF\xEC\xED"}
{"score"=>0, "key"=>"\xCB", "ciphertext"=>"c0ece5e7a2a2f7ebf6f7e9ecece088aeaeefaeebc7ebaeedec", "plaintext"=>"\xC0\xEC\xE5\xE7\xA2\xA2\xF7\xEB\xF6\xF7\xE9\xEC\xEC\xE0\x88\xAE\xAE\xEF\xAE\xEB\xC7\xEB\xAE\xED\xEC"}
{"score"=>0, "key"=>"\xCC", "ciphertext"=>"c7ebe2e0a5a5f0ecf1f0eeebebe78fa9a9e8a9ecc0eca9eaeb", "plaintext"=>"\xC7\xEB\xE2\xE0\xA5\xA5\xF0\xEC\xF1\xF0\xEE\xEB\xEB\xE7\x8F\xA9\xA9\xE8\xA9\xEC\xC0\xEC\xA9\xEA\xEB"}
{"score"=>0, "key"=>"\xCD", "ciphertext"=>"c6eae3e1a4a4f1edf0f1efeaeae68ea8a8e9a8edc1eda8ebea", "plaintext"=>"\xC6\xEA\xE3\xE1\xA4\xA4\xF1\xED\xF0\xF1\xEF\xEA\xEA\xE6\x8E\xA8\xA8\xE9\xA8\xED\xC1\xED\xA8\xEB\xEA"}
{"score"=>0, "key"=>"\xCE", "ciphertext"=>"c5e9e0e2a7a7f2eef3f2ece9e9e58dababeaabeec2eeabe8e9", "plaintext"=>"\xC5\xE9\xE0\xE2\xA7\xA7\xF2\xEE\xF3\xF2\xEC\xE9\xE9\xE5\x8D\xAB\xAB\xEA\xAB\xEE\xC2\xEE\xAB\xE8\xE9"}
{"score"=>0, "key"=>"\xCF", "ciphertext"=>"c4e8e1e3a6a6f3eff2f3ede8e8e48caaaaebaaefc3efaae9e8", "plaintext"=>"\xC4\xE8\xE1\xE3\xA6\xA6\xF3\xEF\xF2\xF3\xED\xE8\xE8\xE4\x8C\xAA\xAA\xEB\xAA\xEF\xC3\xEF\xAA\xE9\xE8"}
{"score"=>0, "key"=>"\xD0", "ciphertext"=>"dbf7fefcb9b9ecf0edecf2f7f7fb93b5b5f4b5f0dcf0b5f6f7", "plaintext"=>"\xDB\xF7\xFE\xFC\xB9\xB9\xEC\xF0\xED\xEC\xF2\xF7\xF7\xFB\x93\xB5\xB5\xF4\xB5\xF0\xDC\xF0\xB5\xF6\xF7"}
{"score"=>0, "key"=>"\xD1", "ciphertext"=>"daf6fffdb8b8edf1ecedf3f6f6fa92b4b4f5b4f1ddf1b4f7f6", "plaintext"=>"\xDA\xF6\xFF\xFD\xB8\xB8\xED\xF1\xEC\xED\xF3\xF6\xF6\xFA\x92\xB4\xB4\xF5\xB4\xF1\xDD\xF1\xB4\xF7\xF6"}
{"score"=>0, "key"=>"\xD2", "ciphertext"=>"d9f5fcfebbbbeef2efeef0f5f5f991b7b7f6b7f2def2b7f4f5", "plaintext"=>"\xD9\xF5\xFC\xFE\xBB\xBB\xEE\xF2\xEF\xEE\xF0\xF5\xF5\xF9\x91\xB7\xB7\xF6\xB7\xF2\xDE\xF2\xB7\xF4\xF5"}
{"score"=>0, "key"=>"\xD3", "ciphertext"=>"d8f4fdffbabaeff3eeeff1f4f4f890b6b6f7b6f3dff3b6f5f4", "plaintext"=>"\xD8\xF4\xFD\xFF\xBA\xBA\xEF\xF3\xEE\xEF\xF1\xF4\xF4\xF8\x90\xB6\xB6\xF7\xB6\xF3\xDF\xF3\xB6\xF5\xF4"}
{"score"=>0, "key"=>"\xD4", "ciphertext"=>"dff3faf8bdbde8f4e9e8f6f3f3ff97b1b1f0b1f4d8f4b1f2f3", "plaintext"=>"\xDF\xF3\xFA\xF8\xBD\xBD\xE8\xF4\xE9\xE8\xF6\xF3\xF3\xFF\x97\xB1\xB1\xF0\xB1\xF4\xD8\xF4\xB1\xF2\xF3"}
{"score"=>0, "key"=>"\xD5", "ciphertext"=>"def2fbf9bcbce9f5e8e9f7f2f2fe96b0b0f1b0f5d9f5b0f3f2", "plaintext"=>"\xDE\xF2\xFB\xF9\xBC\xBC\xE9\xF5\xE8\xE9\xF7\xF2\xF2\xFE\x96\xB0\xB0\xF1\xB0\xF5\xD9\xF5\xB0\xF3\xF2"}
{"score"=>0, "key"=>"\xD6", "ciphertext"=>"ddf1f8fabfbfeaf6ebeaf4f1f1fd95b3b3f2b3f6daf6b3f0f1", "plaintext"=>"\xDD\xF1\xF8\xFA\xBF\xBF\xEA\xF6\xEB\xEA\xF4\xF1\xF1\xFD\x95\xB3\xB3\xF2\xB3\xF6\xDA\xF6\xB3\xF0\xF1"}
{"score"=>0, "key"=>"\xD7", "ciphertext"=>"dcf0f9fbbebeebf7eaebf5f0f0fc94b2b2f3b2f7dbf7b2f1f0", "plaintext"=>"\xDC\xF0\xF9\xFB\xBE\xBE\xEB\xF7\xEA\xEB\xF5\xF0\xF0\xFC\x94\xB2\xB2\xF3\xB2\xF7\xDB\xF7\xB2\xF1\xF0"}
{"score"=>0, "key"=>"\xD8", "ciphertext"=>"d3fff6f4b1b1e4f8e5e4fafffff39bbdbdfcbdf8d4f8bdfeff", "plaintext"=>"\xD3\xFF\xF6\xF4\xB1\xB1\xE4\xF8\xE5\xE4\xFA\xFF\xFF\xF3\x9B\xBD\xBD\xFC\xBD\xF8\xD4\xF8\xBD\xFE\xFF"}
{"score"=>0, "key"=>"\xD9", "ciphertext"=>"d2fef7f5b0b0e5f9e4e5fbfefef29abcbcfdbcf9d5f9bcfffe", "plaintext"=>"\xD2\xFE\xF7\xF5\xB0\xB0\xE5\xF9\xE4\xE5\xFB\xFE\xFE\xF2\x9A\xBC\xBC\xFD\xBC\xF9\xD5\xF9\xBC\xFF\xFE"}
{"score"=>0, "key"=>"\xDA", "ciphertext"=>"d1fdf4f6b3b3e6fae7e6f8fdfdf199bfbffebffad6fabffcfd", "plaintext"=>"\xD1\xFD\xF4\xF6\xB3\xB3\xE6\xFA\xE7\xE6\xF8\xFD\xFD\xF1\x99\xBF\xBF\xFE\xBF\xFA\xD6\xFA\xBF\xFC\xFD"}
{"score"=>0, "key"=>"\xDB", "ciphertext"=>"d0fcf5f7b2b2e7fbe6e7f9fcfcf098bebeffbefbd7fbbefdfc", "plaintext"=>"\xD0\xFC\xF5\xF7\xB2\xB2\xE7\xFB\xE6\xE7\xF9\xFC\xFC\xF0\x98\xBE\xBE\xFF\xBE\xFB\xD7\xFB\xBE\xFD\xFC"}
{"score"=>0, "key"=>"\xDC", "ciphertext"=>"d7fbf2f0b5b5e0fce1e0fefbfbf79fb9b9f8b9fcd0fcb9fafb", "plaintext"=>"\xD7\xFB\xF2\xF0\xB5\xB5\xE0\xFC\xE1\xE0\xFE\xFB\xFB\xF7\x9F\xB9\xB9\xF8\xB9\xFC\xD0\xFC\xB9\xFA\xFB"}
{"score"=>0, "key"=>"\xDD", "ciphertext"=>"d6faf3f1b4b4e1fde0e1fffafaf69eb8b8f9b8fdd1fdb8fbfa", "plaintext"=>"\xD6\xFA\xF3\xF1\xB4\xB4\xE1\xFD\xE0\xE1\xFF\xFA\xFA\xF6\x9E\xB8\xB8\xF9\xB8\xFD\xD1\xFD\xB8\xFB\xFA"}
{"score"=>0, "key"=>"\xDE", "ciphertext"=>"d5f9f0f2b7b7e2fee3e2fcf9f9f59dbbbbfabbfed2febbf8f9", "plaintext"=>"\xD5\xF9\xF0\xF2\xB7\xB7\xE2\xFE\xE3\xE2\xFC\xF9\xF9\xF5\x9D\xBB\xBB\xFA\xBB\xFE\xD2\xFE\xBB\xF8\xF9"}
{"score"=>0, "key"=>"\xDF", "ciphertext"=>"d4f8f1f3b6b6e3ffe2e3fdf8f8f49cbabafbbaffd3ffbaf9f8", "plaintext"=>"\xD4\xF8\xF1\xF3\xB6\xB6\xE3\xFF\xE2\xE3\xFD\xF8\xF8\xF4\x9C\xBA\xBA\xFB\xBA\xFF\xD3\xFF\xBA\xF9\xF8"}
{"score"=>0, "key"=>"\xE0", "ciphertext"=>"ebc7cecc8989dcc0dddcc2c7c7cba38585c485c0ecc085c6c7", "plaintext"=>"\xEB\xC7\xCE\xCC\x89\x89\xDC\xC0\xDD\xDC\xC2\xC7\xC7\xCB\xA3\x85\x85\xC4\x85\xC0\xEC\xC0\x85\xC6\xC7"}
{"score"=>0, "key"=>"\xE1", "ciphertext"=>"eac6cfcd8888ddc1dcddc3c6c6caa28484c584c1edc184c7c6", "plaintext"=>"\xEA\xC6\xCF\xCD\x88\x88\xDD\xC1\xDC\xDD\xC3\xC6\xC6\xCA\xA2\x84\x84\xC5\x84\xC1\xED\xC1\x84\xC7\xC6"}
{"score"=>0, "key"=>"\xE2", "ciphertext"=>"e9c5ccce8b8bdec2dfdec0c5c5c9a18787c687c2eec287c4c5", "plaintext"=>"\xE9\xC5\xCC\xCE\x8B\x8B\xDE\xC2\xDF\xDE\xC0\xC5\xC5\xC9\xA1\x87\x87\xC6\x87\xC2\xEE\xC2\x87\xC4\xC5"}
{"score"=>0, "key"=>"\xE3", "ciphertext"=>"e8c4cdcf8a8adfc3dedfc1c4c4c8a08686c786c3efc386c5c4", "plaintext"=>"\xE8\xC4\xCD\xCF\x8A\x8A\xDF\xC3\xDE\xDF\xC1\xC4\xC4\xC8\xA0\x86\x86\xC7\x86\xC3\xEF\xC3\x86\xC5\xC4"}
{"score"=>0, "key"=>"\xE4", "ciphertext"=>"efc3cac88d8dd8c4d9d8c6c3c3cfa78181c081c4e8c481c2c3", "plaintext"=>"\xEF\xC3\xCA\xC8\x8D\x8D\xD8\xC4\xD9\xD8\xC6\xC3\xC3\xCF\xA7\x81\x81\xC0\x81\xC4\xE8\xC4\x81\xC2\xC3"}
{"score"=>0, "key"=>"\xE5", "ciphertext"=>"eec2cbc98c8cd9c5d8d9c7c2c2cea68080c180c5e9c580c3c2", "plaintext"=>"\xEE\xC2\xCB\xC9\x8C\x8C\xD9\xC5\xD8\xD9\xC7\xC2\xC2\xCE\xA6\x80\x80\xC1\x80\xC5\xE9\xC5\x80\xC3\xC2"}
{"score"=>0, "key"=>"\xE6", "ciphertext"=>"edc1c8ca8f8fdac6dbdac4c1c1cda58383c283c6eac683c0c1", "plaintext"=>"\xED\xC1\xC8\xCA\x8F\x8F\xDA\xC6\xDB\xDA\xC4\xC1\xC1\xCD\xA5\x83\x83\xC2\x83\xC6\xEA\xC6\x83\xC0\xC1"}
{"score"=>0, "key"=>"\xE7", "ciphertext"=>"ecc0c9cb8e8edbc7dadbc5c0c0cca48282c382c7ebc782c1c0", "plaintext"=>"\xEC\xC0\xC9\xCB\x8E\x8E\xDB\xC7\xDA\xDB\xC5\xC0\xC0\xCC\xA4\x82\x82\xC3\x82\xC7\xEB\xC7\x82\xC1\xC0"}
{"score"=>0, "key"=>"\xE8", "ciphertext"=>"e3cfc6c48181d4c8d5d4cacfcfc3ab8d8dcc8dc8e4c88dcecf", "plaintext"=>"\xE3\xCF\xC6\xC4\x81\x81\xD4\xC8\xD5\xD4\xCA\xCF\xCF\xC3\xAB\x8D\x8D\xCC\x8D\xC8\xE4\xC8\x8D\xCE\xCF"}
{"score"=>0, "key"=>"\xE9", "ciphertext"=>"e2cec7c58080d5c9d4d5cbcecec2aa8c8ccd8cc9e5c98ccfce", "plaintext"=>"\xE2\xCE\xC7\xC5\x80\x80\xD5\xC9\xD4\xD5\xCB\xCE\xCE\xC2\xAA\x8C\x8C\xCD\x8C\xC9\xE5\xC9\x8C\xCF\xCE"}
{"score"=>0, "key"=>"\xEA", "ciphertext"=>"e1cdc4c68383d6cad7d6c8cdcdc1a98f8fce8fcae6ca8fcccd", "plaintext"=>"\xE1\xCD\xC4\xC6\x83\x83\xD6\xCA\xD7\xD6\xC8\xCD\xCD\xC1\xA9\x8F\x8F\xCE\x8F\xCA\xE6\xCA\x8F\xCC\xCD"}
{"score"=>0, "key"=>"\xEB", "ciphertext"=>"e0ccc5c78282d7cbd6d7c9ccccc0a88e8ecf8ecbe7cb8ecdcc", "plaintext"=>"\xE0\xCC\xC5\xC7\x82\x82\xD7\xCB\xD6\xD7\xC9\xCC\xCC\xC0\xA8\x8E\x8E\xCF\x8E\xCB\xE7\xCB\x8E\xCD\xCC"}
{"score"=>0, "key"=>"\xEC", "ciphertext"=>"e7cbc2c08585d0ccd1d0cecbcbc7af8989c889cce0cc89cacb", "plaintext"=>"\xE7\xCB\xC2\xC0\x85\x85\xD0\xCC\xD1\xD0\xCE\xCB\xCB\xC7\xAF\x89\x89\xC8\x89\xCC\xE0\xCC\x89\xCA\xCB"}
{"score"=>0, "key"=>"\xED", "ciphertext"=>"e6cac3c18484d1cdd0d1cfcacac6ae8888c988cde1cd88cbca", "plaintext"=>"\xE6\xCA\xC3\xC1\x84\x84\xD1\xCD\xD0\xD1\xCF\xCA\xCA\xC6\xAE\x88\x88\xC9\x88\xCD\xE1\xCD\x88\xCB\xCA"}
{"score"=>0, "key"=>"\xEE", "ciphertext"=>"e5c9c0c28787d2ced3d2ccc9c9c5ad8b8bca8bcee2ce8bc8c9", "plaintext"=>"\xE5\xC9\xC0\xC2\x87\x87\xD2\xCE\xD3\xD2\xCC\xC9\xC9\xC5\xAD\x8B\x8B\xCA\x8B\xCE\xE2\xCE\x8B\xC8\xC9"}
{"score"=>0, "key"=>"\xEF", "ciphertext"=>"e4c8c1c38686d3cfd2d3cdc8c8c4ac8a8acb8acfe3cf8ac9c8", "plaintext"=>"\xE4\xC8\xC1\xC3\x86\x86\xD3\xCF\xD2\xD3\xCD\xC8\xC8\xC4\xAC\x8A\x8A\xCB\x8A\xCF\xE3\xCF\x8A\xC9\xC8"}
{"score"=>0, "key"=>"\xF0", "ciphertext"=>"fbd7dedc9999ccd0cdccd2d7d7dbb39595d495d0fcd095d6d7", "plaintext"=>"\xFB\xD7\xDE\xDC\x99\x99\xCC\xD0\xCD\xCC\xD2\xD7\xD7\xDB\xB3\x95\x95\xD4\x95\xD0\xFC\xD0\x95\xD6\xD7"}
{"score"=>0, "key"=>"\xF1", "ciphertext"=>"fad6dfdd9898cdd1cccdd3d6d6dab29494d594d1fdd194d7d6", "plaintext"=>"\xFA\xD6\xDF\xDD\x98\x98\xCD\xD1\xCC\xCD\xD3\xD6\xD6\xDA\xB2\x94\x94\xD5\x94\xD1\xFD\xD1\x94\xD7\xD6"}
{"score"=>0, "key"=>"\xF2", "ciphertext"=>"f9d5dcde9b9bced2cfced0d5d5d9b19797d697d2fed297d4d5", "plaintext"=>"\xF9\xD5\xDC\xDE\x9B\x9B\xCE\xD2\xCF\xCE\xD0\xD5\xD5\xD9\xB1\x97\x97\xD6\x97\xD2\xFE\xD2\x97\xD4\xD5"}
{"score"=>0, "key"=>"\xF3", "ciphertext"=>"f8d4dddf9a9acfd3cecfd1d4d4d8b09696d796d3ffd396d5d4", "plaintext"=>"\xF8\xD4\xDD\xDF\x9A\x9A\xCF\xD3\xCE\xCF\xD1\xD4\xD4\xD8\xB0\x96\x96\xD7\x96\xD3\xFF\xD3\x96\xD5\xD4"}
{"score"=>0, "key"=>"\xF4", "ciphertext"=>"ffd3dad89d9dc8d4c9c8d6d3d3dfb79191d091d4f8d491d2d3", "plaintext"=>"\xFF\xD3\xDA\xD8\x9D\x9D\xC8\xD4\xC9\xC8\xD6\xD3\xD3\xDF\xB7\x91\x91\xD0\x91\xD4\xF8\xD4\x91\xD2\xD3"}
{"score"=>0, "key"=>"\xF5", "ciphertext"=>"fed2dbd99c9cc9d5c8c9d7d2d2deb69090d190d5f9d590d3d2", "plaintext"=>"\xFE\xD2\xDB\xD9\x9C\x9C\xC9\xD5\xC8\xC9\xD7\xD2\xD2\xDE\xB6\x90\x90\xD1\x90\xD5\xF9\xD5\x90\xD3\xD2"}
{"score"=>0, "key"=>"\xF6", "ciphertext"=>"fdd1d8da9f9fcad6cbcad4d1d1ddb59393d293d6fad693d0d1", "plaintext"=>"\xFD\xD1\xD8\xDA\x9F\x9F\xCA\xD6\xCB\xCA\xD4\xD1\xD1\xDD\xB5\x93\x93\xD2\x93\xD6\xFA\xD6\x93\xD0\xD1"}
{"score"=>0, "key"=>"\xF7", "ciphertext"=>"fcd0d9db9e9ecbd7cacbd5d0d0dcb49292d392d7fbd792d1d0", "plaintext"=>"\xFC\xD0\xD9\xDB\x9E\x9E\xCB\xD7\xCA\xCB\xD5\xD0\xD0\xDC\xB4\x92\x92\xD3\x92\xD7\xFB\xD7\x92\xD1\xD0"}
{"score"=>0, "key"=>"\xF8", "ciphertext"=>"f3dfd6d49191c4d8c5c4dadfdfd3bb9d9ddc9dd8f4d89ddedf", "plaintext"=>"\xF3\xDF\xD6\xD4\x91\x91\xC4\xD8\xC5\xC4\xDA\xDF\xDF\xD3\xBB\x9D\x9D\xDC\x9D\xD8\xF4\xD8\x9D\xDE\xDF"}
{"score"=>0, "key"=>"\xF9", "ciphertext"=>"f2ded7d59090c5d9c4c5dbdeded2ba9c9cdd9cd9f5d99cdfde", "plaintext"=>"\xF2\xDE\xD7\xD5\x90\x90\xC5\xD9\xC4\xC5\xDB\xDE\xDE\xD2\xBA\x9C\x9C\xDD\x9C\xD9\xF5\xD9\x9C\xDF\xDE"}
{"score"=>0, "key"=>"\xFA", "ciphertext"=>"f1ddd4d69393c6dac7c6d8ddddd1b99f9fde9fdaf6da9fdcdd", "plaintext"=>"\xF1\xDD\xD4\xD6\x93\x93\xC6\xDA\xC7\xC6\xD8\xDD\xDD\xD1\xB9\x9F\x9F\xDE\x9F\xDA\xF6\xDA\x9F\xDC\xDD"}
{"score"=>0, "key"=>"\xFB", "ciphertext"=>"f0dcd5d79292c7dbc6c7d9dcdcd0b89e9edf9edbf7db9edddc", "plaintext"=>"\xF0\xDC\xD5\xD7\x92\x92\xC7\xDB\xC6\xC7\xD9\xDC\xDC\xD0\xB8\x9E\x9E\xDF\x9E\xDB\xF7\xDB\x9E\xDD\xDC"}
{"score"=>0, "key"=>"\xFC", "ciphertext"=>"f7dbd2d09595c0dcc1c0dedbdbd7bf9999d899dcf0dc99dadb", "plaintext"=>"\xF7\xDB\xD2\xD0\x95\x95\xC0\xDC\xC1\xC0\xDE\xDB\xDB\xD7\xBF\x99\x99\xD8\x99\xDC\xF0\xDC\x99\xDA\xDB"}
{"score"=>0, "key"=>"\xFD", "ciphertext"=>"f6dad3d19494c1ddc0c1dfdadad6be9898d998ddf1dd98dbda", "plaintext"=>"\xF6\xDA\xD3\xD1\x94\x94\xC1\xDD\xC0\xC1\xDF\xDA\xDA\xD6\xBE\x98\x98\xD9\x98\xDD\xF1\xDD\x98\xDB\xDA"}
{"score"=>0, "key"=>"\xFE", "ciphertext"=>"f5d9d0d29797c2dec3c2dcd9d9d5bd9b9bda9bdef2de9bd8d9", "plaintext"=>"\xF5\xD9\xD0\xD2\x97\x97\xC2\xDE\xC3\xC2\xDC\xD9\xD9\xD5\xBD\x9B\x9B\xDA\x9B\xDE\xF2\xDE\x9B\xD8\xD9"}
{"score"=>0, "key"=>"\xFF", "ciphertext"=>"f4d8d1d39696c3dfc2c3ddd8d8d4bc9a9adb9adff3df9ad9d8", "plaintext"=>"\xF4\xD8\xD1\xD3\x96\x96\xC3\xDF\xC2\xC3\xDD\xD8\xD8\xD4\xBC\x9A\x9A\xDB\x9A\xDF\xF3\xDF\x9A\xD9\xD8"}
